sichu/proguard-project.txt
# To enable ProGuard in your project, edit project.properties
# to define the proguard.config property as described in that file.
#
# Add project specific ProGuard rules here.
# By default, the flags in this file are appended to flags specified
# in ${sdk.dir}/tools/proguard/proguard-android.txt
# You can edit the include path and order by changing the ProGuard
# include property in project.properties.
#
# For more details, see
#   http://developer.android.com/guide/developing/tools/proguard.html

# Add any project specific keep options here:

# If your project uses WebView with JS, uncomment the following
# and specify the fully qualified class name to the JavaScript interface
# class:
#-keepclassmembers class fqcn.of.javascript.interface.for.webview {
#   public *;
#}

# For weibo SDK
-keep public class android.net.http.SslError
-keep public class android.webkit.WebViewClient
-dontwarn android.webkit.WebView
-dontwarn android.net.http.SslError
-dontwarn android.webkit.WebViewClient

# For actionbarsherlock & holoeverywhere
-keep class com.actionbarsherlock.** {*;}
-keep class org.holoeverywhere.** {*;}

# For umeng
-keepclassmembers class * {
   public <init>(org.json.JSONObject);
}
-keep public class com.ax003d.sichu.R$*{
    public static final int *;
}
-keep public class com.umeng.fb.ui.ThreadView {
}

# For gexin
-dontwarn com.igexin.**
-dontwarn sdk.**
-keep class com.igexin.** { *; }
-keep class sdk.** { *; }

-keep class com.google.zxing.client.android.** { *; }

# For share sdk
-keep class cn.sharesdk.**{*;}
-keep class com.sina.**{*;}
-keep class m.framework.**{*;}