sichu/proguard/seeds.txt
com.ax003d.sichu.BindEmailActivity
com.ax003d.sichu.BindEmailActivity: BindEmailActivity()
com.ax003d.sichu.BooksEditActivity
com.ax003d.sichu.BooksEditActivity: BooksEditActivity()
com.ax003d.sichu.BooksEditActivity: void onClick(android.view.View)
com.ax003d.sichu.BorrowBookActivity
com.ax003d.sichu.BorrowBookActivity: BorrowBookActivity()
com.ax003d.sichu.BorrowBookActivity: void onClick(android.view.View)
com.ax003d.sichu.ExportActivity
com.ax003d.sichu.ExportActivity: ExportActivity()
com.ax003d.sichu.FriendDetailActivity
com.ax003d.sichu.FriendDetailActivity: FriendDetailActivity()
com.ax003d.sichu.InviteWeiboFriendActivity
com.ax003d.sichu.InviteWeiboFriendActivity: InviteWeiboFriendActivity()
com.ax003d.sichu.InviteWeiboFriendActivity: void onClick(android.view.View)
com.ax003d.sichu.LoginActivity
com.ax003d.sichu.LoginActivity: LoginActivity()
com.ax003d.sichu.LoginActivity: void onClick(android.view.View)
com.ax003d.sichu.MainActivity
com.ax003d.sichu.MainActivity: MainActivity()
com.ax003d.sichu.R$anim
com.ax003d.sichu.R$anim: int dialog_enter
com.ax003d.sichu.R$anim: int dialog_exit
com.ax003d.sichu.R$anim: int fade_in
com.ax003d.sichu.R$anim: int fade_out
com.ax003d.sichu.R$anim: int grow_fade_in
com.ax003d.sichu.R$anim: int grow_fade_in_center
com.ax003d.sichu.R$anim: int grow_fade_in_from_bottom
com.ax003d.sichu.R$anim: int shrink_fade_out
com.ax003d.sichu.R$anim: int shrink_fade_out_center
com.ax003d.sichu.R$anim: int shrink_fade_out_from_bottom
com.ax003d.sichu.R$array
com.ax003d.sichu.R$array: int UMageList
com.ax003d.sichu.R$array: int UMgenderList
com.ax003d.sichu.R$array: int api_types
com.ax003d.sichu.R$array: int bookown_status
com.ax003d.sichu.R$array: int country_codes
com.ax003d.sichu.R$array: int examples
com.ax003d.sichu.R$attr
com.ax003d.sichu.R$attr: int actionBarDivider
com.ax003d.sichu.R$attr: int actionBarItemBackground
com.ax003d.sichu.R$attr: int actionBarSize
com.ax003d.sichu.R$attr: int actionBarSplitStyle
com.ax003d.sichu.R$attr: int actionBarStyle
com.ax003d.sichu.R$attr: int actionBarTabBarStyle
com.ax003d.sichu.R$attr: int actionBarTabStyle
com.ax003d.sichu.R$attr: int actionBarTabTextStyle
com.ax003d.sichu.R$attr: int actionBarWidgetTheme
com.ax003d.sichu.R$attr: int actionButtonStyle
com.ax003d.sichu.R$attr: int actionDropDownStyle
com.ax003d.sichu.R$attr: int actionMenuTextAppearance
com.ax003d.sichu.R$attr: int actionMenuTextColor
com.ax003d.sichu.R$attr: int actionModeBackground
com.ax003d.sichu.R$attr: int actionModeCloseButtonStyle
com.ax003d.sichu.R$attr: int actionModeCloseDrawable
com.ax003d.sichu.R$attr: int actionModePopupWindowStyle
com.ax003d.sichu.R$attr: int actionModeShareDrawable
com.ax003d.sichu.R$attr: int actionModeSplitBackground
com.ax003d.sichu.R$attr: int actionModeStyle
com.ax003d.sichu.R$attr: int actionOverflowButtonStyle
com.ax003d.sichu.R$attr: int actionSpinnerItemStyle
com.ax003d.sichu.R$attr: int activatedBackgroundIndicator
com.ax003d.sichu.R$attr: int activityChooserViewStyle
com.ax003d.sichu.R$attr: int alertDialogCenterButtons
com.ax003d.sichu.R$attr: int alertDialogStyle
com.ax003d.sichu.R$attr: int alertDialogTheme
com.ax003d.sichu.R$attr: int alpha
com.ax003d.sichu.R$attr: int autoCompleteTextViewStyle
com.ax003d.sichu.R$bool
com.ax003d.sichu.R$bool: int abs__action_bar_embed_tabs
com.ax003d.sichu.R$bool: int abs__action_bar_expanded_action_views_exclusive
com.ax003d.sichu.R$bool: int abs__config_actionMenuItemAllCaps
com.ax003d.sichu.R$bool: int abs__config_allowActionMenuItemTextWithIcon
com.ax003d.sichu.R$bool: int abs__config_showMenuShortcutsWhenKeyboardPresent
com.ax003d.sichu.R$bool: int abs__split_action_bar_is_narrow
com.ax003d.sichu.R$bool: int preferences_prefer_dual_pane
...
com.weibo.sdk.android.api.WeiboAPI$SRC_FILTER: com.weibo.sdk.android.api.WeiboAPI$SRC_FILTER[] values()
com.weibo.sdk.android.api.WeiboAPI$SRC_FILTER: com.weibo.sdk.android.api.WeiboAPI$SRC_FILTER valueOf(java.lang.String)
com.weibo.sdk.android.api.WeiboAPI$STATUSES_TYPE: com.weibo.sdk.android.api.WeiboAPI$STATUSES_TYPE[] values()
com.weibo.sdk.android.api.WeiboAPI$STATUSES_TYPE: com.weibo.sdk.android.api.WeiboAPI$STATUSES_TYPE valueOf(java.lang.String)
com.weibo.sdk.android.api.WeiboAPI$TYPE: com.weibo.sdk.android.api.WeiboAPI$TYPE[] values()
com.weibo.sdk.android.api.WeiboAPI$TYPE: com.weibo.sdk.android.api.WeiboAPI$TYPE valueOf(java.lang.String)
com.weibo.sdk.android.api.WeiboAPI$TYPE_FILTER: com.weibo.sdk.android.api.WeiboAPI$TYPE_FILTER[] values()
com.weibo.sdk.android.api.WeiboAPI$TYPE_FILTER: com.weibo.sdk.android.api.WeiboAPI$TYPE_FILTER valueOf(java.lang.String)
com.weibo.sdk.android.api.WeiboAPI$USER_CATEGORY: com.weibo.sdk.android.api.WeiboAPI$USER_CATEGORY[] values()
com.weibo.sdk.android.api.WeiboAPI$USER_CATEGORY: com.weibo.sdk.android.api.WeiboAPI$USER_CATEGORY valueOf(java.lang.String)
com.weibo.sdk.android.demo.R$array: int api_types
com.weibo.sdk.android.demo.R$array: int examples
com.weibo.sdk.android.demo.R$color: int weibosdk_dialog_title_blue
com.weibo.sdk.android.demo.R$color: int weibosdk_text_num_gray
com.weibo.sdk.android.demo.R$color: int weibosdk_transparent
com.weibo.sdk.android.demo.R$dimen: int padding_large
com.weibo.sdk.android.demo.R$dimen: int padding_medium
com.weibo.sdk.android.demo.R$dimen: int padding_small
com.weibo.sdk.android.demo.R$dimen: int weibosdk_dialog_bottom_margin
com.weibo.sdk.android.demo.R$dimen: int weibosdk_dialog_left_margin
com.weibo.sdk.android.demo.R$dimen: int weibosdk_dialog_right_margin
com.weibo.sdk.android.demo.R$dimen: int weibosdk_dialog_top_margin
com.weibo.sdk.android.demo.R$drawable: int bg_btn
com.weibo.sdk.android.demo.R$drawable: int bg_content
com.weibo.sdk.android.demo.R$drawable: int bg_delwords
com.weibo.sdk.android.demo.R$drawable: int bg_delwords_nor
com.weibo.sdk.android.demo.R$drawable: int bg_delwords_sel
com.weibo.sdk.android.demo.R$drawable: int bg_title
com.weibo.sdk.android.demo.R$drawable: int close_normal
com.weibo.sdk.android.demo.R$drawable: int close_press
com.weibo.sdk.android.demo.R$drawable: int close_selector
com.weibo.sdk.android.demo.R$drawable: int del_pic
com.weibo.sdk.android.demo.R$drawable: int dialog_bg
com.weibo.sdk.android.demo.R$drawable: int ic_action_search
com.weibo.sdk.android.demo.R$drawable: int ic_launcher
com.weibo.sdk.android.demo.R$drawable: int icon
com.weibo.sdk.android.demo.R$drawable: int icon_delwords
com.weibo.sdk.android.demo.R$drawable: int image_background
com.weibo.sdk.android.demo.R$drawable: int title_logo
com.weibo.sdk.android.demo.R$drawable: int weibosdk_bg_btn
com.weibo.sdk.android.demo.R$drawable: int weibosdk_bg_content
com.weibo.sdk.android.demo.R$drawable: int weibosdk_bg_delwords
com.weibo.sdk.android.demo.R$drawable: int weibosdk_bg_delwords_nor
com.weibo.sdk.android.demo.R$drawable: int weibosdk_bg_delwords_sel
com.weibo.sdk.android.demo.R$drawable: int weibosdk_bg_title
com.weibo.sdk.android.demo.R$drawable: int weibosdk_close_normal
com.weibo.sdk.android.demo.R$drawable: int weibosdk_close_press
com.weibo.sdk.android.demo.R$id: int apiCancel
com.weibo.sdk.android.demo.R$id: int auth
com.weibo.sdk.android.demo.R$id: int menu_settings
com.weibo.sdk.android.demo.R$id: int show
com.weibo.sdk.android.demo.R$id: int sso
com.weibo.sdk.android.demo.R$layout: int activity_main
com.weibo.sdk.android.demo.R$menu: int activity_main