sichu/proguard/mapping.txt
com.ax003d.sichu.BindEmailActivity -> com.ax003d.sichu.BindEmailActivity:
    org.holoeverywhere.widget.EditText et_email -> a
    org.holoeverywhere.widget.TextView tv_success -> b
    org.holoeverywhere.widget.TextView tv_failed -> c
    android.view.View$OnClickListener onClickListener -> d
    com.ax003d.sichu.api.ISichuAPI api_client -> e
    void onCreate(android.os.Bundle) -> onCreate
    org.holoeverywhere.widget.EditText access$0(com.ax003d.sichu.BindEmailActivity) -> a
    com.ax003d.sichu.api.ISichuAPI access$1(com.ax003d.sichu.BindEmailActivity) -> b
    org.holoeverywhere.widget.TextView access$2(com.ax003d.sichu.BindEmailActivity) -> c
    org.holoeverywhere.widget.TextView access$3(com.ax003d.sichu.BindEmailActivity) -> d
com.ax003d.sichu.BindEmailActivity$1 -> com.ax003d.sichu.a:
    com.ax003d.sichu.BindEmailActivity this$0 -> a
    void onClick(android.view.View) -> onClick
com.ax003d.sichu.BindEmailActivity$VerifyTask -> com.ax003d.sichu.b:
    com.ax003d.sichu.BindEmailActivity this$0 -> a
    void onPreExecute() -> onPreExecute
    java.lang.Boolean doInBackground(java.lang.String[]) -> a
    void onPostExecute(java.lang.Boolean) -> a
    void onPostExecute(java.lang.Object) -> onPostExecute
    java.lang.Object doInBackground(java.lang.Object[]) -> doInBackground
com.ax003d.sichu.BooksEditActivity -> com.ax003d.sichu.BooksEditActivity:
    com.nostra13.universalimageloader.core.DisplayImageOptions options -> a
    com.nostra13.universalimageloader.core.ImageLoader img_loader -> b
    com.ax003d.sichu.models.BookOwn mBookOwn -> c
    com.ax003d.sichu.api.ISichuAPI api_client -> d
    org.holoeverywhere.widget.Spinner spin_status -> e
    org.holoeverywhere.widget.EditText edit_remark -> f
    void onCreate(android.os.Bundle) -> onCreate
    void onClick(android.view.View) -> onClick
    com.ax003d.sichu.api.ISichuAPI access$0(com.ax003d.sichu.BooksEditActivity) -> a
    com.ax003d.sichu.models.BookOwn access$1(com.ax003d.sichu.BooksEditActivity) -> b
    org.holoeverywhere.widget.Spinner access$2(com.ax003d.sichu.BooksEditActivity) -> c
    org.holoeverywhere.widget.EditText access$3(com.ax003d.sichu.BooksEditActivity) -> d
com.ax003d.sichu.BooksEditActivity$1 -> com.ax003d.sichu.c:
    com.ax003d.sichu.BooksEditActivity this$0 -> a
    void onClick(android.content.DialogInterface,int) -> onClick
com.ax003d.sichu.BooksEditActivity$DeleteBookOwnTask -> com.ax003d.sichu.d:
    com.ax003d.sichu.BooksEditActivity this$0 -> a
    void onPreExecute() -> onPreExecute
    java.lang.Boolean doInBackground(java.lang.String[]) -> a
    void onPostExecute(java.lang.Boolean) -> a
    void onPostExecute(java.lang.Object) -> onPostExecute
    java.lang.Object doInBackground(java.lang.Object[]) -> doInBackground
com.ax003d.sichu.BooksEditActivity$EditBookOwnTask -> com.ax003d.sichu.e:
    com.ax003d.sichu.BooksEditActivity this$0 -> a
    void onPreExecute() -> onPreExecute
    java.lang.Boolean doInBackground(java.lang.String[]) -> a
    void onPostExecute(java.lang.Boolean) -> a
    void onPostExecute(java.lang.Object) -> onPostExecute
    java.lang.Object doInBackground(java.lang.Object[]) -> doInBackground
...
org.holoeverywhere.util.SparseArray -> org.holoeverywhere.util.SparseArray:
    java.lang.Object DELETED -> DELETED
    boolean mGarbage -> mGarbage
    int[] mKeys -> mKeys
    int mSize -> mSize
    java.lang.Object[] mValues -> mValues
    int binarySearch(int[],int,int,int) -> binarySearch
    void append(int,java.lang.Object) -> append
    void clear() -> clear
    org.holoeverywhere.util.SparseArray clone() -> clone
    void delete(int) -> delete
    void gc() -> gc
    java.lang.Object get(int) -> get
    java.lang.Object get(int,java.lang.Object) -> get
    int indexOfKey(int) -> indexOfKey
    int indexOfValue(java.lang.Object) -> indexOfValue
    int keyAt(int) -> keyAt
    void put(int,java.lang.Object) -> put
    void remove(int) -> remove
    void removeAt(int) -> removeAt
    void setValueAt(int,java.lang.Object) -> setValueAt
    int size() -> size
    java.lang.Object valueAt(int) -> valueAt
    java.lang.Object clone() -> clone
org.holoeverywhere.util.SynchronizedPool -> org.holoeverywhere.util.SynchronizedPool:
    java.lang.Object mLock -> mLock
    org.holoeverywhere.util.Pool mPool -> mPool
    org.holoeverywhere.util.Poolable acquire() -> acquire
    void release(org.holoeverywhere.util.Poolable) -> release
org.holoeverywhere.util.XmlUtils -> org.holoeverywhere.util.XmlUtils:
    void beginDocument(org.xmlpull.v1.XmlPullParser,java.lang.String) -> beginDocument
    boolean convertValueToBoolean(java.lang.CharSequence,boolean) -> convertValueToBoolean
    int convertValueToInt(java.lang.CharSequence,int) -> convertValueToInt
    int convertValueToList(java.lang.CharSequence,java.lang.String[],int) -> convertValueToList
    int convertValueToUnsignedInt(java.lang.String,int) -> convertValueToUnsignedInt
    void nextElement(org.xmlpull.v1.XmlPullParser) -> nextElement
    boolean nextElementWithin(org.xmlpull.v1.XmlPullParser,int) -> nextElementWithin
    int parseUnsignedIntAttribute(java.lang.CharSequence) -> parseUnsignedIntAttribute
    java.util.ArrayList readListXml(java.io.InputStream) -> readListXml
    java.util.HashMap readMapXml(java.io.InputStream) -> readMapXml
    java.util.HashSet readSetXml(java.io.InputStream) -> readSetXml
    int[] readThisIntArrayXml(org.xmlpull.v1.XmlPullParser,java.lang.String,java.lang.String[]) -> readThisIntArrayXml
    java.util.ArrayList readThisListXml(org.xmlpull.v1.XmlPullParser,java.lang.String,java.lang.String[]) -> readThisListXml
    java.util.HashMap readThisMapXml(org.xmlpull.v1.XmlPullParser,java.lang.String,java.lang.String[]) -> readThisMapXml
    java.util.HashSet readThisSetXml(org.xmlpull.v1.XmlPullParser,java.lang.String,java.lang.String[]) -> readThisSetXml