sichu/proguard/usage.txt
com.ax003d.sichu.BuildConfig
com.ax003d.sichu.InviteWeiboFriendActivity$1:
    52:61:public void onIOException(java.io.IOException)
com.ax003d.sichu.InviteWeiboFriendActivity$1$1
com.ax003d.sichu.R:
    10:10:public R()
com.ax003d.sichu.api.ISichuAPI:
    public abstract org.json.JSONObject bookownByID(java.lang.String,com.ax003d.sichu.net.HttpEntityWithProgress$ProgressListener)
com.ax003d.sichu.api.SichuAPI:
    217:222:public org.json.JSONObject bookownByID(java.lang.String,com.ax003d.sichu.net.HttpEntityWithProgress$ProgressListener)
com.ax003d.sichu.fragments.BooksBorrowedFragment:
    private static final int BOOKBORROW_BORROW_LOADER
com.ax003d.sichu.fragments.BooksLoanedFragment:
    private static final int BOOKBORROW_LOADER
com.ax003d.sichu.fragments.BooksMineFragment:
    private static final int REQUEST_BARCODE
    private static final int BOOKOWN_LOADER
com.ax003d.sichu.fragments.FollowerFragment:
    private static final int FOLLOWER_LOADER
com.ax003d.sichu.fragments.FollowingFragment:
    private static final int FOLLOWING_LOADER
com.ax003d.sichu.fragments.MayKnowFragment:
    123:124:public void updateMayKnowList()
com.ax003d.sichu.fragments.MayKnowFragment$1:
    110:111:public void onIOException(java.io.IOException)
com.ax003d.sichu.fragments.MessagesFragment:
    private static final int BOOKBORROWREQ_LOADER
com.ax003d.sichu.models.Book$Books:
    public static final java.lang.String CONTENT_TYPE
    public static final java.lang.String TABLE_NAME
    public static final java.lang.String GUID
    public static final java.lang.String ISBN
    public static final java.lang.String TITLE
    public static final java.lang.String AUTHOR
    public static final java.lang.String DOUBAN_ID
    public static final java.lang.String COVER
    24:25:private Book$Books()
com.ax003d.sichu.models.BookBorrow:
    public static final java.lang.String CATEGORY
    120:120:public long getBookOwnID()
    124:125:public void setBookOwnID(long)
    156:157:public void setBorrower(com.ax003d.sichu.models.User)
com.ax003d.sichu.models.BookBorrow$BookBorrows:
    public static final java.lang.String CONTENT_TYPE
    public static final java.lang.String TABLE_NAME
    public static final java.lang.String GUID
    public static final java.lang.String BOOKOWNID
    public static final java.lang.String BORROWERID
    public static final java.lang.String BORROW_DATE
    public static final java.lang.String PLANED_RETURN_DATE
    public static final java.lang.String RETURNED_DATE
    31:32:private BookBorrow$BookBorrows()
com.ax003d.sichu.models.BookBorrowReq:
    public static final java.lang.String CATEGORY
    115:116:public void setRequester(com.ax003d.sichu.models.User)
    123:124:public void setRemark(java.lang.String)
com.ax003d.sichu.models.BookBorrowReq$BookBorrowReqs:
    public static final java.lang.String CONTENT_TYPE
    public static final java.lang.String TABLE_NAME
    public static final java.lang.String GUID
    public static final java.lang.String DATETIME
    public static final java.lang.String REQUESTERID
    public static final java.lang.String BOOKOWNID
    public static final java.lang.String PLANED_RETURN_DATE
    public static final java.lang.String REMARK
    public static final java.lang.String STATUS
    33:34:private BookBorrowReq$BookBorrowReqs()
com.ax003d.sichu.models.BookOwn:
    public static final java.lang.String CATEGORY
    60:70:public BookOwn(long,long,long,int,int,java.lang.String,java.lang.String,java.lang.String,java.lang.String,java.lang.String,java.lang.String)
    100:100:public long getBookID()
    104:105:public void setBookID(long)
...
android.support.v4.app.ActivityCompatHoneycomb:
    28:28:ActivityCompatHoneycomb()
    34:35:static void startActivities(android.app.Activity,android.content.Intent[])
    39:40:static void dump(android.app.Activity,java.lang.String,java.io.FileDescriptor,java.io.PrintWriter,java.lang.String[])
android.support.v4.app.BackStackRecord:
    static final java.lang.String TAG
    static final int OP_NULL
    static final int OP_ADD
    static final int OP_REPLACE
    static final int OP_REMOVE
    static final int OP_HIDE
    static final int OP_SHOW
    static final int OP_DETACH
    static final int OP_ATTACH
    295:295:public int getBreadCrumbTitleRes()
    299:299:public int getBreadCrumbShortTitleRes()
    310:313:public java.lang.CharSequence getBreadCrumbShortTitle()
    337:338:public android.support.v4.app.FragmentTransaction add(int,android.support.v4.app.Fragment)
    342:343:public android.support.v4.app.FragmentTransaction add(int,android.support.v4.app.Fragment,java.lang.String)
    396:401:public android.support.v4.app.FragmentTransaction hide(android.support.v4.app.Fragment)
    405:410:public android.support.v4.app.FragmentTransaction show(android.support.v4.app.Fragment)
    414:419:public android.support.v4.app.FragmentTransaction detach(android.support.v4.app.Fragment)
    423:428:public android.support.v4.app.FragmentTransaction attach(android.support.v4.app.Fragment)
    432:432:public android.support.v4.app.FragmentTransaction setCustomAnimations(int,int)
    437:441:public android.support.v4.app.FragmentTransaction setCustomAnimations(int,int,int,int)
    450:451:public android.support.v4.app.FragmentTransaction setTransitionStyle(int)
    465:465:public boolean isAddToBackStackAllowed()
android.support.v4.app.Fragment$SavedState:
    291:293:Fragment$SavedState(android.os.Bundle)
android.support.v4.app.FragmentActivity$FragmentTag:
    public static final int Fragment_id
    public static final int Fragment_name
    public static final int Fragment_tag
    121:121:FragmentActivity$FragmentTag()
android.support.v4.app.FragmentManager:
    public static final int POP_BACK_STACK_INCLUSIVE
    139:139:public android.support.v4.app.FragmentTransaction openTransaction()
    public abstract boolean executePendingTransactions()
    public abstract android.support.v4.app.Fragment findFragmentById(int)
    public abstract android.support.v4.app.Fragment findFragmentByTag(java.lang.String)
    public abstract boolean popBackStackImmediate(java.lang.String,int)
    public abstract boolean popBackStackImmediate(int,int)
    public abstract void removeOnBackStackChangedListener(android.support.v4.app.FragmentManager$OnBackStackChangedListener)
    public abstract void putFragment(android.os.Bundle,java.lang.String,android.support.v4.app.Fragment)
    public abstract android.support.v4.app.Fragment getFragment(android.os.Bundle,java.lang.String)
    public abstract android.support.v4.app.Fragment$SavedState saveFragmentInstanceState(android.support.v4.app.Fragment)
    public abstract void dump(java.lang.String,java.io.FileDescriptor,java.io.PrintWriter,java.lang.String[])
    334:335:public static void enableDebugLogging(boolean)
android.support.v4.app.FragmentManager$BackStackEntry:
    public abstract java.lang.String getName()
    public abstract int getBreadCrumbTitleRes()
    public abstract int getBreadCrumbShortTitleRes()
    public abstract java.lang.CharSequence getBreadCrumbShortTitle()